Using pre-set license
Built from '2020.3/staging' branch; Version is '2020.3.0f1 (c7b5465681fb) revision 13088070'; Using compiler version '192528614'; Build Type 'Release'
OS: 'Windows 10 Home; OS build 22000.434; Version 2009; 64bit' Language: 'en' Physical Memory: 7549 MB
BatchMode: 1, IsHumanControllingUs: 0, StartBugReporterOnCrash: 0, Is64bit: 1, IsPro: 0

 COMMAND LINE ARGUMENTS:
D:\Unity\2020.3.0f1\Editor\Unity.exe
-adb2
-batchMode
-noUpm
-name
AssetImportWorker0
-projectPath
D:/Users/beima/Downloads/JuegoProyectoBien/GameRaceUnity
-logFile
Logs/AssetImportWorker0.log
-srvPort
65307
Successfully changed project path to: D:/Users/beima/Downloads/JuegoProyectoBien/GameRaceUnity
D:/Users/beima/Downloads/JuegoProyectoBien/GameRaceUnity
Using Asset Import Pipeline V2.
Refreshing native plugins compatible for Editor in 109.52 ms, found 1 plugins.
Preloading 0 native plugins for Editor in 0.00 ms.
Initialize engine version: 2020.3.0f1 (c7b5465681fb)
[Subsystems] Discovering subsystems at path D:/Unity/2020.3.0f1/Editor/Data/Resources/UnitySubsystems
[Subsystems] Discovering subsystems at path D:/Users/beima/Downloads/JuegoProyectoBien/GameRaceUnity/Assets
GfxDevice: creating device client; threaded=0
Direct3D:
    Version:  Direct3D 11.0 [level 11.1]
    Renderer: AMD Radeon(TM) Graphics (ID=0x1636)
    Vendor:   
    VRAM:     3774 MB
    Driver:   27.20.11032.1001
Initialize mono
Mono path[0] = 'D:/Unity/2020.3.0f1/Editor/Data/Managed'
Mono path[1] = 'D:/Unity/2020.3.0f1/Editor/Data/MonoBleedingEdge/lib/mono/unityjit'
Mono config path = 'D:/Unity/2020.3.0f1/Editor/Data/MonoBleedingEdge/etc'
Using monoOptions --debugger-agent=transport=dt_socket,embedding=1,server=y,suspend=n,address=127.0.0.1:56440
Begin MonoManager ReloadAssembly
Registering precompiled unity dll's ...
Register platform support module: D:/Unity/2020.3.0f1/Editor/Data/PlaybackEngines/WindowsStandaloneSupport/UnityEditor.WindowsStandalone.Extensions.dll
Registered in 0.001638 seconds.
Native extension for WindowsStandalone target not found
Refreshing native plugins compatible for Editor in 99.96 ms, found 1 plugins.
Preloading 0 native plugins for Editor in 0.00 ms.
Invoked RoslynAnalysisRunner static constructor.
RoslynAnalysisRunner will not be running.
RoslynAnalysisRunner has terminated.
Mono: successfully reloaded assembly
- Completed reload, in  1.836 seconds
Platform modules already initialized, skipping
Registering precompiled user dll's ...
Registered in 0.001112 seconds.
Begin MonoManager ReloadAssembly
Native extension for WindowsStandalone target not found
Refreshing native plugins compatible for Editor in 102.41 ms, found 1 plugins.
Preloading 0 native plugins for Editor in 0.00 ms.
Invoked RoslynAnalysisRunner static constructor.
RoslynAnalysisRunner will not be running.
RoslynAnalysisRunner has terminated.
Mono: successfully reloaded assembly
- Completed reload, in  1.601 seconds
Platform modules already initialized, skipping
========================================================================
Worker process is ready to serve import requests
Launched and connected shader compiler UnityShaderCompiler.exe after 0.07 seconds
Refreshing native plugins compatible for Editor in 0.76 ms, found 1 plugins.
Preloading 0 native plugins for Editor in 0.00 ms.
Unloading 1865 Unused Serialized files (Serialized files now loaded: 0)
System memory in use before: 87.7 MB.
System memory in use after: 87.8 MB.

Unloading 19 unused Assets to reduce memory usage. Loaded Objects now: 2313.
Total: 3.126800 ms (FindLiveObjects: 0.371400 ms CreateObjectMapping: 0.142000 ms MarkObjects: 2.515800 ms  DeleteObjects: 0.094700 ms)

========================================================================
Received Import Request.
  path: Assets/Scenes/Login_Escena.unity
  artifactKey: Guid(92e9cf1535c92dd4d94ff8b967d1e473) Importer(815301076,1909f56bfc062723c751e8b465ee728b)
Start importing Assets/Scenes/Login_Escena.unity using Guid(92e9cf1535c92dd4d94ff8b967d1e473) Importer(815301076,1909f56bfc062723c751e8b465ee728b)  -> (artifact id: 'dd61b508299d4a7ae2ab734476554f1f') in 0.027855 seconds
  Import took 0.034042 seconds .

========================================================================
Received Import Request.
  Time since last request: 2.699562 seconds.
  path: Assets/Materials/coche - 1.mat
  artifactKey: Guid(bd08a651120a1354abb0c444c1c76775) Importer(815301076,1909f56bfc062723c751e8b465ee728b)
Start importing Assets/Materials/coche - 1.mat using Guid(bd08a651120a1354abb0c444c1c76775) Importer(815301076,1909f56bfc062723c751e8b465ee728b)  -> (artifact id: '90bb775296ea6135a1ab97143d1b5db3') in 0.258994 seconds
  Import took 0.265882 seconds .

AssetImportWorkerClient::OnTransportError - code=2 error=End of file
