Using pre-set license
Built from '2020.3/staging' branch; Version is '2020.3.0f1 (c7b5465681fb) revision 13088070'; Using compiler version '192528614'; Build Type 'Release'
OS: 'Windows 10 Home; OS build 22000.493; Version 2009; 64bit' Language: 'en' Physical Memory: 7549 MB
BatchMode: 1, IsHumanControllingUs: 0, StartBugReporterOnCrash: 0, Is64bit: 1, IsPro: 0

 COMMAND LINE ARGUMENTS:
D:\Unity\2020.3.0f1\Editor\Unity.exe
-adb2
-batchMode
-noUpm
-name
AssetImportWorker0
-projectPath
D:/Users/beima/Downloads/JuegoProyectoBien/GameRaceUnity
-logFile
Logs/AssetImportWorker0.log
-srvPort
62595
Successfully changed project path to: D:/Users/beima/Downloads/JuegoProyectoBien/GameRaceUnity
D:/Users/beima/Downloads/JuegoProyectoBien/GameRaceUnity
Using Asset Import Pipeline V2.
Refreshing native plugins compatible for Editor in 89.77 ms, found 1 plugins.
Preloading 0 native plugins for Editor in 0.00 ms.
Initialize engine version: 2020.3.0f1 (c7b5465681fb)
[Subsystems] Discovering subsystems at path D:/Unity/2020.3.0f1/Editor/Data/Resources/UnitySubsystems
[Subsystems] Discovering subsystems at path D:/Users/beima/Downloads/JuegoProyectoBien/GameRaceUnity/Assets
GfxDevice: creating device client; threaded=0
Direct3D:
    Version:  Direct3D 11.0 [level 11.1]
    Renderer: AMD Radeon(TM) Graphics (ID=0x1636)
    Vendor:   
    VRAM:     3774 MB
    Driver:   27.20.11032.1001
Initialize mono
Mono path[0] = 'D:/Unity/2020.3.0f1/Editor/Data/Managed'
Mono path[1] = 'D:/Unity/2020.3.0f1/Editor/Data/MonoBleedingEdge/lib/mono/unityjit'
Mono config path = 'D:/Unity/2020.3.0f1/Editor/Data/MonoBleedingEdge/etc'
Using monoOptions --debugger-agent=transport=dt_socket,embedding=1,server=y,suspend=n,address=127.0.0.1:56328
Begin MonoManager ReloadAssembly
Registering precompiled unity dll's ...
Register platform support module: D:/Unity/2020.3.0f1/Editor/Data/PlaybackEngines/WindowsStandaloneSupport/UnityEditor.WindowsStandalone.Extensions.dll
Registered in 0.001046 seconds.
Native extension for WindowsStandalone target not found
Refreshing native plugins compatible for Editor in 83.11 ms, found 1 plugins.
Preloading 0 native plugins for Editor in 0.00 ms.
Invoked RoslynAnalysisRunner static constructor.
RoslynAnalysisRunner will not be running.
RoslynAnalysisRunner has terminated.
Mono: successfully reloaded assembly
- Completed reload, in  1.507 seconds
Platform modules already initialized, skipping
Registering precompiled user dll's ...
Registered in 0.001182 seconds.
Begin MonoManager ReloadAssembly
Native extension for WindowsStandalone target not found
Refreshing native plugins compatible for Editor in 79.61 ms, found 1 plugins.
Preloading 0 native plugins for Editor in 0.00 ms.
Invoked RoslynAnalysisRunner static constructor.
RoslynAnalysisRunner will not be running.
RoslynAnalysisRunner has terminated.
Mono: successfully reloaded assembly
- Completed reload, in  1.423 seconds
Platform modules already initialized, skipping
========================================================================
Worker process is ready to serve import requests
Launched and connected shader compiler UnityShaderCompiler.exe after 0.10 seconds
Refreshing native plugins compatible for Editor in 0.71 ms, found 1 plugins.
Preloading 0 native plugins for Editor in 0.00 ms.
Unloading 1865 Unused Serialized files (Serialized files now loaded: 0)
System memory in use before: 87.8 MB.
System memory in use after: 87.8 MB.

Unloading 19 unused Assets to reduce memory usage. Loaded Objects now: 2313.
Total: 3.218300 ms (FindLiveObjects: 0.278300 ms CreateObjectMapping: 0.085700 ms MarkObjects: 2.742200 ms  DeleteObjects: 0.109800 ms)

========================================================================
Received Import Request.
  path: Assets/Scenes/MainMenu.unity
  artifactKey: Guid(9f8784799b10e1e4f83b53f985b6e1bd) Importer(815301076,1909f56bfc062723c751e8b465ee728b)
Start importing Assets/Scenes/MainMenu.unity using Guid(9f8784799b10e1e4f83b53f985b6e1bd) Importer(815301076,1909f56bfc062723c751e8b465ee728b)  -> (artifact id: 'ab4cf89495dbc71259fda88ad2be52fb') in 0.028905 seconds
  Import took 0.034210 seconds .

========================================================================
Received Prepare
Registering precompiled user dll's ...
Registered in 0.001414 seconds.
Begin MonoManager ReloadAssembly
Native extension for WindowsStandalone target not found
Refreshing native plugins compatible for Editor in 0.70 ms, found 1 plugins.
Preloading 0 native plugins for Editor in 0.00 ms.
Invoked RoslynAnalysisRunner static constructor.
RoslynAnalysisRunner will not be running.
RoslynAnalysisRunner has terminated.
Mono: successfully reloaded assembly
- Completed reload, in  3.101 seconds
Platform modules already initialized, skipping
Refreshing native plugins compatible for Editor in 0.68 ms, found 1 plugins.
Preloading 0 native plugins for Editor in 0.00 ms.
Unloading 1840 Unused Serialized files (Serialized files now loaded: 0)
System memory in use before: 86.2 MB.
System memory in use after: 86.3 MB.

Unloading 7 unused Assets to reduce memory usage. Loaded Objects now: 2317.
Total: 3.309500 ms (FindLiveObjects: 0.318500 ms CreateObjectMapping: 0.111000 ms MarkObjects: 2.847400 ms  DeleteObjects: 0.030400 ms)

========================================================================
Received Prepare
Refreshing native plugins compatible for Editor in 3.71 ms, found 1 plugins.
Preloading 0 native plugins for Editor in 0.00 ms.
Unloading 5 Unused Serialized files (Serialized files now loaded: 0)
System memory in use before: 49.9 MB.
System memory in use after: 50.0 MB.

Unloading 5 unused Assets to reduce memory usage. Loaded Objects now: 2317.
Total: 2.817700 ms (FindLiveObjects: 0.369400 ms CreateObjectMapping: 0.122500 ms MarkObjects: 2.299600 ms  DeleteObjects: 0.024000 ms)

========================================================================
Received Import Request.
  Time since last request: 125.483951 seconds.
  path: Assets/Scenes/Escena_Register.unity
  artifactKey: Guid(6e742f7104c9e824382b54c5f1c7bf08) Importer(815301076,1909f56bfc062723c751e8b465ee728b)
Start importing Assets/Scenes/Escena_Register.unity using Guid(6e742f7104c9e824382b54c5f1c7bf08) Importer(815301076,1909f56bfc062723c751e8b465ee728b)  -> (artifact id: '1ec5834d91d0fb22f5962676cabb015c') in 0.036274 seconds
  Import took 0.044934 seconds .

========================================================================
Received Import Request.
  Time since last request: 270.084815 seconds.
  path: Assets/Cainos/Pixel Art Top Down - Basic/Script/RegisterBBDD.cs
  artifactKey: Guid(3e3576d1bd42db348b59a803551bcbdd) Importer(815301076,1909f56bfc062723c751e8b465ee728b)
Start importing Assets/Cainos/Pixel Art Top Down - Basic/Script/RegisterBBDD.cs using Guid(3e3576d1bd42db348b59a803551bcbdd) Importer(815301076,1909f56bfc062723c751e8b465ee728b)  -> (artifact id: '6eb963501413e6139c4bc571c782546c') in 0.076450 seconds
  Import took 0.086889 seconds .

========================================================================
Received Import Request.
  Time since last request: 0.007543 seconds.
  path: Assets/Cainos/Pixel Art Top Down - Basic/Script/RegisterBBDD.cs
  artifactKey: Guid(3e3576d1bd42db348b59a803551bcbdd) Importer(815301076,1909f56bfc062723c751e8b465ee728b)
Start importing Assets/Cainos/Pixel Art Top Down - Basic/Script/RegisterBBDD.cs using Guid(3e3576d1bd42db348b59a803551bcbdd) Importer(815301076,1909f56bfc062723c751e8b465ee728b)  -> (artifact id: '6eb963501413e6139c4bc571c782546c') in 0.017150 seconds
  Import took 0.031084 seconds .

AssetImportWorkerClient::OnTransportError - code=2 error=End of file
