Using pre-set license
Built from '2020.3/staging' branch; Version is '2020.3.0f1 (c7b5465681fb) revision 13088070'; Using compiler version '192528614'; Build Type 'Release'
OS: 'Windows 10 Pro; OS build 19043.1415; Version 2009; 64bit' Language: 'es' Physical Memory: 15752 MB
BatchMode: 1, IsHumanControllingUs: 0, StartBugReporterOnCrash: 0, Is64bit: 1, IsPro: 0

 COMMAND LINE ARGUMENTS:
C:\Program Files\Unity\Hub\Editor\2020.3.0f1\Editor\Unity.exe
-adb2
-batchMode
-noUpm
-name
AssetImportWorker1
-projectPath
C:/Users/Marc/Documents/GameRaceUnity2
-logFile
Logs/AssetImportWorker1.log
-srvPort
52701
Successfully changed project path to: C:/Users/Marc/Documents/GameRaceUnity2
C:/Users/Marc/Documents/GameRaceUnity2
Using Asset Import Pipeline V2.
Refreshing native plugins compatible for Editor in 65.69 ms, found 1 plugins.
Preloading 0 native plugins for Editor in 0.00 ms.
Initialize engine version: 2020.3.0f1 (c7b5465681fb)
[Subsystems] Discovering subsystems at path C:/Program Files/Unity/Hub/Editor/2020.3.0f1/Editor/Data/Resources/UnitySubsystems
[Subsystems] Discovering subsystems at path C:/Users/Marc/Documents/GameRaceUnity2/Assets
GfxDevice: creating device client; threaded=0
Direct3D:
    Version:  Direct3D 11.0 [level 11.1]
    Renderer: AMD Radeon(TM) Graphics (ID=0x164c)
    Vendor:   
    VRAM:     7876 MB
    Driver:   27.20.14036.8
Initialize mono
Mono path[0] = 'C:/Program Files/Unity/Hub/Editor/2020.3.0f1/Editor/Data/Managed'
Mono path[1] = 'C:/Program Files/Unity/Hub/Editor/2020.3.0f1/Editor/Data/MonoBleedingEdge/lib/mono/unityjit'
Mono config path = 'C:/Program Files/Unity/Hub/Editor/2020.3.0f1/Editor/Data/MonoBleedingEdge/etc'
Using monoOptions --debugger-agent=transport=dt_socket,embedding=1,server=y,suspend=n,address=127.0.0.1:56656
Begin MonoManager ReloadAssembly
Registering precompiled unity dll's ...
Register platform support module: C:/Program Files/Unity/Hub/Editor/2020.3.0f1/Editor/Data/PlaybackEngines/WindowsStandaloneSupport/UnityEditor.WindowsStandalone.Extensions.dll
Registered in 0.003137 seconds.
Native extension for WindowsStandalone target not found
Refreshing native plugins compatible for Editor in 61.41 ms, found 1 plugins.
Preloading 0 native plugins for Editor in 0.00 ms.
Invoked RoslynAnalysisRunner static constructor.
RoslynAnalysisRunner will not be running.
RoslynAnalysisRunner has terminated.
Mono: successfully reloaded assembly
- Completed reload, in  2.299 seconds
Platform modules already initialized, skipping
Registering precompiled user dll's ...
Registered in 0.002426 seconds.
Begin MonoManager ReloadAssembly
Native extension for WindowsStandalone target not found
Refreshing native plugins compatible for Editor in 57.76 ms, found 1 plugins.
Preloading 0 native plugins for Editor in 0.00 ms.
Invoked RoslynAnalysisRunner static constructor.
RoslynAnalysisRunner will not be running.
RoslynAnalysisRunner has terminated.
Mono: successfully reloaded assembly
- Completed reload, in  1.039 seconds
Platform modules already initialized, skipping
========================================================================
Worker process is ready to serve import requests
Launched and connected shader compiler UnityShaderCompiler.exe after 0.07 seconds
Refreshing native plugins compatible for Editor in 0.74 ms, found 1 plugins.
Preloading 0 native plugins for Editor in 0.00 ms.
Unloading 1864 Unused Serialized files (Serialized files now loaded: 0)
System memory in use before: 88.0 MB.
System memory in use after: 88.1 MB.

Unloading 18 unused Assets to reduce memory usage. Loaded Objects now: 2314.
Total: 3.240800 ms (FindLiveObjects: 0.412200 ms CreateObjectMapping: 0.134500 ms MarkObjects: 2.654200 ms  DeleteObjects: 0.038300 ms)

========================================================================
Received Import Request.
  path: Assets/TextMesh Pro/Examples & Extras/Scenes
  artifactKey: Guid(db1090641b3241f6995b587eb21637bc) Importer(815301076,1909f56bfc062723c751e8b465ee728b)
Start importing Assets/TextMesh Pro/Examples & Extras/Scenes using Guid(db1090641b3241f6995b587eb21637bc) Importer(815301076,1909f56bfc062723c751e8b465ee728b)  -> (artifact id: '0f41c2a296c1eaefc8052f7278187a60') in 0.010463 seconds
  Import took 0.014629 seconds .

========================================================================
Received Import Request.
  Time since last request: 31.802677 seconds.
  path: Assets/Scenes/MenuPerder.unity
  artifactKey: Guid(e89de4f901a761d4193a1f3ed0ceec22) Importer(815301076,1909f56bfc062723c751e8b465ee728b)
Start importing Assets/Scenes/MenuPerder.unity using Guid(e89de4f901a761d4193a1f3ed0ceec22) Importer(815301076,1909f56bfc062723c751e8b465ee728b)  -> (artifact id: '233ac66541909f64418d1a692d481154') in 0.019924 seconds
  Import took 0.024357 seconds .

========================================================================
Received Import Request.
  Time since last request: 105.519740 seconds.
  path: Assets/TextMesh Pro/Examples & Extras/Textures/Text Overflow - Linked Text Image 1.png
  artifactKey: Guid(4ccf43d26c4748c792174516f4a8fcef) Importer(815301076,1909f56bfc062723c751e8b465ee728b)
Start importing Assets/TextMesh Pro/Examples & Extras/Textures/Text Overflow - Linked Text Image 1.png using Guid(4ccf43d26c4748c792174516f4a8fcef) Importer(815301076,1909f56bfc062723c751e8b465ee728b)  -> (artifact id: '5e2e02440a5db8b3f5eded80abf8b733') in 0.137922 seconds
  Import took 0.142002 seconds .

========================================================================
Received Import Request.
  Time since last request: 0.000354 seconds.
  path: Assets/TextMesh Pro/Examples & Extras/Prefabs/TextMeshPro - Prefab 2.prefab
  artifactKey: Guid(fdad9d952ae84cafb74c63f2e694d042) Importer(815301076,1909f56bfc062723c751e8b465ee728b)
Start importing Assets/TextMesh Pro/Examples & Extras/Prefabs/TextMeshPro - Prefab 2.prefab using Guid(fdad9d952ae84cafb74c63f2e694d042) Importer(815301076,1909f56bfc062723c751e8b465ee728b)  -> (artifact id: 'eac6b171d00b85b7840a4ae1b3bc3de5') in 0.097038 seconds
  Import took 0.101181 seconds .

========================================================================
Received Import Request.
  Time since last request: 0.000275 seconds.
  path: Assets/TextMesh Pro/Examples & Extras/Prefabs/Text Popup.prefab
  artifactKey: Guid(b06f0e6c1dfa4356ac918da1bb32c603) Importer(815301076,1909f56bfc062723c751e8b465ee728b)
Start importing Assets/TextMesh Pro/Examples & Extras/Prefabs/Text Popup.prefab using Guid(b06f0e6c1dfa4356ac918da1bb32c603) Importer(815301076,1909f56bfc062723c751e8b465ee728b)  -> (artifact id: 'cf391cfdfac85efd7190712ff15956a4') in 0.047877 seconds
  Import took 0.051562 seconds .

========================================================================
Received Import Request.
  Time since last request: 0.000274 seconds.
  path: Assets/TextMesh Pro/Examples & Extras/Prefabs/TextMeshPro - Prefab 1.prefab
  artifactKey: Guid(a6e39ced0ea046bcb636c3f0b2e2a745) Importer(815301076,1909f56bfc062723c751e8b465ee728b)
Start importing Assets/TextMesh Pro/Examples & Extras/Prefabs/TextMeshPro - Prefab 1.prefab using Guid(a6e39ced0ea046bcb636c3f0b2e2a745) Importer(815301076,1909f56bfc062723c751e8b465ee728b)  -> (artifact id: '1549deefbbdc3c4b40d13f3a42e19098') in 0.032665 seconds
  Import took 0.036747 seconds .

========================================================================
Received Import Request.
  Time since last request: 0.000352 seconds.
  path: Assets/Cainos/Pixel Art Top Down - Basic/Material/—Pngtree—cool racing texture runway passion_1054229.jpg
  artifactKey: Guid(d8797a51e8021d04abc06b71a07c1501) Importer(815301076,1909f56bfc062723c751e8b465ee728b)
Start importing Assets/Cainos/Pixel Art Top Down - Basic/Material/—Pngtree—cool racing texture runway passion_1054229.jpg using Guid(d8797a51e8021d04abc06b71a07c1501) Importer(815301076,1909f56bfc062723c751e8b465ee728b)  -> (artifact id: '7a7875ba0c97e396f8737e0d4a0c9344') in 0.069654 seconds
  Import took 0.073744 seconds .

========================================================================
Received Import Request.
  Time since last request: 0.000421 seconds.
  path: Assets/TextMesh Pro/Examples & Extras/Textures/Text Overflow - Linked Text UI Screenshot.png
  artifactKey: Guid(c76d18757a194d618355f05f815cb0a1) Importer(815301076,1909f56bfc062723c751e8b465ee728b)
Start importing Assets/TextMesh Pro/Examples & Extras/Textures/Text Overflow - Linked Text UI Screenshot.png using Guid(c76d18757a194d618355f05f815cb0a1) Importer(815301076,1909f56bfc062723c751e8b465ee728b)  -> (artifact id: '0c9734ed254b24d3373f52e47621b3e2') in 0.024685 seconds
  Import took 0.029097 seconds .

========================================================================
Received Import Request.
  Time since last request: 5.760228 seconds.
  path: Assets/TextMesh Pro/Examples & Extras/Scenes/Benchmark (Floating Text).unity
  artifactKey: Guid(16177da2e3254cee91944756d5f8ddd3) Importer(815301076,1909f56bfc062723c751e8b465ee728b)
Start importing Assets/TextMesh Pro/Examples & Extras/Scenes/Benchmark (Floating Text).unity using Guid(16177da2e3254cee91944756d5f8ddd3) Importer(815301076,1909f56bfc062723c751e8b465ee728b)  -> (artifact id: 'ee0f9008edeaff2410cb88aae55313b8') in 0.010523 seconds
  Import took 0.015351 seconds .

========================================================================
Received Import Request.
  Time since last request: 123.991692 seconds.
  path: Assets/Scripts/CameraFollow.cs
  artifactKey: Guid(13d0e62721e731a47916713e45e4ef50) Importer(815301076,1909f56bfc062723c751e8b465ee728b)
Start importing Assets/Scripts/CameraFollow.cs using Guid(13d0e62721e731a47916713e45e4ef50) Importer(815301076,1909f56bfc062723c751e8b465ee728b)  -> (artifact id: '138cbbbee56e468a3de1d38b1a187628') in 0.039303 seconds
  Import took 0.048669 seconds .

========================================================================
Received Import Request.
  Time since last request: 0.028785 seconds.
  path: Assets/Scripts/CameraFollow.cs
  artifactKey: Guid(13d0e62721e731a47916713e45e4ef50) Importer(815301076,1909f56bfc062723c751e8b465ee728b)
Start importing Assets/Scripts/CameraFollow.cs using Guid(13d0e62721e731a47916713e45e4ef50) Importer(815301076,1909f56bfc062723c751e8b465ee728b)  -> (artifact id: '138cbbbee56e468a3de1d38b1a187628') in 0.006780 seconds
  Import took 0.014925 seconds .

========================================================================
Received Prepare
Registering precompiled user dll's ...
Registered in 0.002998 seconds.
Begin MonoManager ReloadAssembly
Native extension for WindowsStandalone target not found
Refreshing native plugins compatible for Editor in 1.09 ms, found 1 plugins.
Preloading 0 native plugins for Editor in 0.00 ms.
Invoked RoslynAnalysisRunner static constructor.
RoslynAnalysisRunner will not be running.
RoslynAnalysisRunner has terminated.
Mono: successfully reloaded assembly
- Completed reload, in  2.289 seconds
Platform modules already initialized, skipping
Refreshing native plugins compatible for Editor in 1.05 ms, found 1 plugins.
Preloading 0 native plugins for Editor in 0.00 ms.
Unloading 1839 Unused Serialized files (Serialized files now loaded: 0)
System memory in use before: 89.5 MB.
System memory in use after: 89.6 MB.

Unloading 8 unused Assets to reduce memory usage. Loaded Objects now: 2326.
Total: 5.406900 ms (FindLiveObjects: 0.489000 ms CreateObjectMapping: 0.117100 ms MarkObjects: 4.742700 ms  DeleteObjects: 0.055300 ms)

========================================================================
Received Prepare
Registering precompiled user dll's ...
Registered in 0.002541 seconds.
Begin MonoManager ReloadAssembly
Native extension for WindowsStandalone target not found
Refreshing native plugins compatible for Editor in 1.67 ms, found 1 plugins.
Preloading 0 native plugins for Editor in 0.00 ms.
Invoked RoslynAnalysisRunner static constructor.
RoslynAnalysisRunner will not be running.
RoslynAnalysisRunner has terminated.
Mono: successfully reloaded assembly
- Completed reload, in  2.179 seconds
Platform modules already initialized, skipping
Refreshing native plugins compatible for Editor in 1.74 ms, found 1 plugins.
Preloading 0 native plugins for Editor in 0.00 ms.
Unloading 1838 Unused Serialized files (Serialized files now loaded: 0)
System memory in use before: 89.5 MB.
System memory in use after: 89.6 MB.

Unloading 8 unused Assets to reduce memory usage. Loaded Objects now: 2329.
Total: 5.608200 ms (FindLiveObjects: 0.793300 ms CreateObjectMapping: 0.301700 ms MarkObjects: 4.458700 ms  DeleteObjects: 0.050600 ms)

========================================================================
Received Import Request.
  Time since last request: 94.520373 seconds.
  path: Assets/tilesets/galletcity_tiles_633.asset
  artifactKey: Guid(d3f9aeba9662a9340ab1bac4a99389b9) Importer(815301076,1909f56bfc062723c751e8b465ee728b)
Start importing Assets/tilesets/galletcity_tiles_633.asset using Guid(d3f9aeba9662a9340ab1bac4a99389b9) Importer(815301076,1909f56bfc062723c751e8b465ee728b)  -> (artifact id: 'e41f466ff8df4440b6dd020bff010496') in 0.138780 seconds
  Import took 0.147506 seconds .

========================================================================
Received Import Request.
  Time since last request: 0.000504 seconds.
  path: Assets/tilesets/galletcity_tiles_634.asset
  artifactKey: Guid(9cbe6009b954fb948b371bad509205c3) Importer(815301076,1909f56bfc062723c751e8b465ee728b)
Start importing Assets/tilesets/galletcity_tiles_634.asset using Guid(9cbe6009b954fb948b371bad509205c3) Importer(815301076,1909f56bfc062723c751e8b465ee728b)  -> (artifact id: '36f3632910f24ccada6ba4925e0ece79') in 0.029480 seconds
  Import took 0.036234 seconds .

========================================================================
Received Import Request.
  Time since last request: 0.000501 seconds.
  path: Assets/tilesets/galletcity_tiles_638.asset
  artifactKey: Guid(8dee9dedb24302e4fb019b121a034e8c) Importer(815301076,1909f56bfc062723c751e8b465ee728b)
Start importing Assets/tilesets/galletcity_tiles_638.asset using Guid(8dee9dedb24302e4fb019b121a034e8c) Importer(815301076,1909f56bfc062723c751e8b465ee728b)  -> (artifact id: 'f47fb4c82975873a1fec7193038b57bc') in 0.029059 seconds
  Import took 0.036879 seconds .

========================================================================
Received Import Request.
  Time since last request: 0.000514 seconds.
  path: Assets/tilesets/galletcity_tiles_639.asset
  artifactKey: Guid(74e51d1ad9f155142a0782fa00ceb582) Importer(815301076,1909f56bfc062723c751e8b465ee728b)
Start importing Assets/tilesets/galletcity_tiles_639.asset using Guid(74e51d1ad9f155142a0782fa00ceb582) Importer(815301076,1909f56bfc062723c751e8b465ee728b)  -> (artifact id: '4d206b1e0f079f69e2fd36bbc0661528') in 0.026998 seconds
  Import took 0.034742 seconds .

========================================================================
Received Import Request.
  Time since last request: 0.000537 seconds.
  path: Assets/tilesets/galletcity_tiles_646.asset
  artifactKey: Guid(38a2c9d2165352c43b76e0c744d4c903) Importer(815301076,1909f56bfc062723c751e8b465ee728b)
Start importing Assets/tilesets/galletcity_tiles_646.asset using Guid(38a2c9d2165352c43b76e0c744d4c903) Importer(815301076,1909f56bfc062723c751e8b465ee728b)  -> (artifact id: '27b0bd0c3402fcb3e06dd9b3ab9abdc1') in 0.026943 seconds
  Import took 0.034435 seconds .

========================================================================
Received Import Request.
  Time since last request: 0.000478 seconds.
  path: Assets/tilesets/galletcity_tiles_651.asset
  artifactKey: Guid(8da39ce659dfc784eba13bf3b115eb4a) Importer(815301076,1909f56bfc062723c751e8b465ee728b)
Start importing Assets/tilesets/galletcity_tiles_651.asset using Guid(8da39ce659dfc784eba13bf3b115eb4a) Importer(815301076,1909f56bfc062723c751e8b465ee728b)  -> (artifact id: '7a9d2ef851e5b5d7d2f2243f40cc1943') in 0.028885 seconds
  Import took 0.035959 seconds .

========================================================================
Received Import Request.
  Time since last request: 0.000590 seconds.
  path: Assets/tilesets/galletcity_tiles_658.asset
  artifactKey: Guid(f9396699ea9b9cf4c98a9a38fc0166bc) Importer(815301076,1909f56bfc062723c751e8b465ee728b)
Start importing Assets/tilesets/galletcity_tiles_658.asset using Guid(f9396699ea9b9cf4c98a9a38fc0166bc) Importer(815301076,1909f56bfc062723c751e8b465ee728b)  -> (artifact id: '8613be96124e6f13ca588d7e86194f5a') in 0.038325 seconds
  Import took 0.045930 seconds .

========================================================================
Received Import Request.
  Time since last request: 0.000571 seconds.
  path: Assets/tilesets/galletcity_tiles_642.asset
  artifactKey: Guid(e1b1f70d79c6123419833cc07848b4ea) Importer(815301076,1909f56bfc062723c751e8b465ee728b)
Start importing Assets/tilesets/galletcity_tiles_642.asset using Guid(e1b1f70d79c6123419833cc07848b4ea) Importer(815301076,1909f56bfc062723c751e8b465ee728b)  -> (artifact id: 'f0c56a6cac409795feb6cdc97e27c116') in 0.028784 seconds
  Import took 0.035485 seconds .

========================================================================
Received Import Request.
  Time since last request: 0.000566 seconds.
  path: Assets/tilesets/galletcity_tiles_644.asset
  artifactKey: Guid(291a89f2ba4f58045922e6511e072ae6) Importer(815301076,1909f56bfc062723c751e8b465ee728b)
Start importing Assets/tilesets/galletcity_tiles_644.asset using Guid(291a89f2ba4f58045922e6511e072ae6) Importer(815301076,1909f56bfc062723c751e8b465ee728b)  -> (artifact id: '2f4ae235145557a35cc056caea96eb0f') in 0.028547 seconds
  Import took 0.035792 seconds .

========================================================================
Received Import Request.
  Time since last request: 0.000485 seconds.
  path: Assets/tilesets/galletcity_tiles_659.asset
  artifactKey: Guid(86b6ca9f7ff6a0642a0c1bc42587c99d) Importer(815301076,1909f56bfc062723c751e8b465ee728b)
Start importing Assets/tilesets/galletcity_tiles_659.asset using Guid(86b6ca9f7ff6a0642a0c1bc42587c99d) Importer(815301076,1909f56bfc062723c751e8b465ee728b)  -> (artifact id: '6eb66c66392111c150ce8f6b3a3f855d') in 0.027418 seconds
  Import took 0.035351 seconds .

========================================================================
Received Import Request.
  Time since last request: 0.000482 seconds.
  path: Assets/tilesets/galletcity_tiles_643.asset
  artifactKey: Guid(1456572ca07db084a9a207949a569cf3) Importer(815301076,1909f56bfc062723c751e8b465ee728b)
Start importing Assets/tilesets/galletcity_tiles_643.asset using Guid(1456572ca07db084a9a207949a569cf3) Importer(815301076,1909f56bfc062723c751e8b465ee728b)  -> (artifact id: 'e4c35e54a62ce64b3d7523ec7430eee7') in 0.026605 seconds
  Import took 0.034058 seconds .

========================================================================
Received Import Request.
  Time since last request: 0.000785 seconds.
  path: Assets/tilesets/galletcity_tiles_636.asset
  artifactKey: Guid(ad9cd82e6b9e1e9448bbcb2b15abbafb) Importer(815301076,1909f56bfc062723c751e8b465ee728b)
Start importing Assets/tilesets/galletcity_tiles_636.asset using Guid(ad9cd82e6b9e1e9448bbcb2b15abbafb) Importer(815301076,1909f56bfc062723c751e8b465ee728b)  -> (artifact id: '6019fd35c71546ed8785d2b4bfd5bd72') in 0.027062 seconds
  Import took 0.034229 seconds .

========================================================================
Received Import Request.
  Time since last request: 0.000589 seconds.
  path: Assets/tilesets/Tx Struct.prefab
  artifactKey: Guid(c91f9dd913d923241baa68591ad132c1) Importer(815301076,1909f56bfc062723c751e8b465ee728b)
Start importing Assets/tilesets/Tx Struct.prefab using Guid(c91f9dd913d923241baa68591ad132c1) Importer(815301076,1909f56bfc062723c751e8b465ee728b)  -> (artifact id: 'efe20cbf657388534e26e382b629e62e') in 0.034523 seconds
  Import took 0.042775 seconds .

========================================================================
Received Import Request.
  Time since last request: 0.000637 seconds.
  path: Assets/tilesets/galletcity_tiles_637.asset
  artifactKey: Guid(bd1e685b0ac80b246bd6869408d384e7) Importer(815301076,1909f56bfc062723c751e8b465ee728b)
Start importing Assets/tilesets/galletcity_tiles_637.asset using Guid(bd1e685b0ac80b246bd6869408d384e7) Importer(815301076,1909f56bfc062723c751e8b465ee728b)  -> (artifact id: '366b4f89dd91ae5fdad2671b68b58bb5') in 0.027886 seconds
  Import took 0.035625 seconds .

========================================================================
Received Import Request.
  Time since last request: 0.000517 seconds.
  path: Assets/tilesets/Nuevo tileset.prefab
  artifactKey: Guid(6e9acac91ffabbf4787153e63debde99) Importer(815301076,1909f56bfc062723c751e8b465ee728b)
Start importing Assets/tilesets/Nuevo tileset.prefab using Guid(6e9acac91ffabbf4787153e63debde99) Importer(815301076,1909f56bfc062723c751e8b465ee728b)  -> (artifact id: '460341fb5b7ec57119201a2e5a627517') in 0.023884 seconds
  Import took 0.031906 seconds .

========================================================================
Received Import Request.
  Time since last request: 0.000522 seconds.
  path: Assets/tilesets/galletcity_tiles_655.asset
  artifactKey: Guid(c6b7e2461d41e6046ae7bf82963baac4) Importer(815301076,1909f56bfc062723c751e8b465ee728b)
Start importing Assets/tilesets/galletcity_tiles_655.asset using Guid(c6b7e2461d41e6046ae7bf82963baac4) Importer(815301076,1909f56bfc062723c751e8b465ee728b)  -> (artifact id: '327208bdd1647565aad0ba9c0bc39c59') in 0.024056 seconds
  Import took 0.031189 seconds .

========================================================================
Received Import Request.
  Time since last request: 0.000547 seconds.
  path: Assets/tilesets/galletcity_tiles_649.asset
  artifactKey: Guid(bd508f3905c7fa741a31b972629482e7) Importer(815301076,1909f56bfc062723c751e8b465ee728b)
Start importing Assets/tilesets/galletcity_tiles_649.asset using Guid(bd508f3905c7fa741a31b972629482e7) Importer(815301076,1909f56bfc062723c751e8b465ee728b)  -> (artifact id: '5259b1d8f17c99939371b214015594cd') in 0.026551 seconds
  Import took 0.034168 seconds .

========================================================================
Received Import Request.
  Time since last request: 0.000485 seconds.
  path: Assets/tilesets/galletcity_tiles_652.asset
  artifactKey: Guid(e3acb8908d1b8b04a821187836204df7) Importer(815301076,1909f56bfc062723c751e8b465ee728b)
Start importing Assets/tilesets/galletcity_tiles_652.asset using Guid(e3acb8908d1b8b04a821187836204df7) Importer(815301076,1909f56bfc062723c751e8b465ee728b)  -> (artifact id: '3091f1e97652f8cc9f41e78f431de397') in 0.029002 seconds
  Import took 0.035757 seconds .

========================================================================
Received Import Request.
  Time since last request: 0.000531 seconds.
  path: Assets/tilesets/galletcity_tiles_657.asset
  artifactKey: Guid(4af068260a74d734b9a3949fde1ca8ad) Importer(815301076,1909f56bfc062723c751e8b465ee728b)
Start importing Assets/tilesets/galletcity_tiles_657.asset using Guid(4af068260a74d734b9a3949fde1ca8ad) Importer(815301076,1909f56bfc062723c751e8b465ee728b)  -> (artifact id: '0fce46400698cdb2d14fd71b8b660c29') in 0.024040 seconds
  Import took 0.031381 seconds .

========================================================================
Received Import Request.
  Time since last request: 0.000525 seconds.
  path: Assets/tilesets/TestDeCarreras.prefab
  artifactKey: Guid(89d0777b529f8bf4baeafe65cb39a24a) Importer(815301076,1909f56bfc062723c751e8b465ee728b)
Start importing Assets/tilesets/TestDeCarreras.prefab using Guid(89d0777b529f8bf4baeafe65cb39a24a) Importer(815301076,1909f56bfc062723c751e8b465ee728b)  -> (artifact id: '12ece59883c1b9e61e3477b864d155f6') in 0.019482 seconds
  Import took 0.026846 seconds .

========================================================================
Received Import Request.
  Time since last request: 0.000546 seconds.
  path: Assets/tilesets/galletcity_tiles_645.asset
  artifactKey: Guid(06f8c2fc9e518f74eb399bef737b9415) Importer(815301076,1909f56bfc062723c751e8b465ee728b)
Start importing Assets/tilesets/galletcity_tiles_645.asset using Guid(06f8c2fc9e518f74eb399bef737b9415) Importer(815301076,1909f56bfc062723c751e8b465ee728b)  -> (artifact id: '6c0b65236dda26fc550ca1d2ee39bce5') in 0.026493 seconds
  Import took 0.033332 seconds .

========================================================================
Received Import Request.
  Time since last request: 0.000645 seconds.
  path: Assets/tilesets/galletcity_tiles_647.asset
  artifactKey: Guid(5fbf6bbb7fe08ba4f9dd3c75635bb8dd) Importer(815301076,1909f56bfc062723c751e8b465ee728b)
Start importing Assets/tilesets/galletcity_tiles_647.asset using Guid(5fbf6bbb7fe08ba4f9dd3c75635bb8dd) Importer(815301076,1909f56bfc062723c751e8b465ee728b)  -> (artifact id: '622de88a21105291331882a49ce56534') in 0.027531 seconds
  Import took 0.035707 seconds .

========================================================================
Received Import Request.
  Time since last request: 0.000663 seconds.
  path: Assets/tilesets/galletcity_tiles_635.asset
  artifactKey: Guid(066c5c043b659ec4d87334311ec9d06a) Importer(815301076,1909f56bfc062723c751e8b465ee728b)
Start importing Assets/tilesets/galletcity_tiles_635.asset using Guid(066c5c043b659ec4d87334311ec9d06a) Importer(815301076,1909f56bfc062723c751e8b465ee728b)  -> (artifact id: 'e4a61ba199956b487c7f724d3b3c5a39') in 0.024074 seconds
  Import took 0.031250 seconds .

========================================================================
Received Import Request.
  Time since last request: 0.000571 seconds.
  path: Assets/tilesets/galletcity_tiles_641.asset
  artifactKey: Guid(dda42cf967b462a4f90155057b838dbb) Importer(815301076,1909f56bfc062723c751e8b465ee728b)
Start importing Assets/tilesets/galletcity_tiles_641.asset using Guid(dda42cf967b462a4f90155057b838dbb) Importer(815301076,1909f56bfc062723c751e8b465ee728b)  -> (artifact id: '7ce7d583e4949db94ab4e9f928ccc636') in 0.029543 seconds
  Import took 0.039829 seconds .

========================================================================
Received Import Request.
  Time since last request: 0.000505 seconds.
  path: Assets/tilesets/terreno tierra.prefab
  artifactKey: Guid(2a6f91e337ea02c4792f77df494c3c26) Importer(815301076,1909f56bfc062723c751e8b465ee728b)
Start importing Assets/tilesets/terreno tierra.prefab using Guid(2a6f91e337ea02c4792f77df494c3c26) Importer(815301076,1909f56bfc062723c751e8b465ee728b)  -> (artifact id: '751a0db150dd251dea26e84185aab7ae') in 0.021628 seconds
  Import took 0.030905 seconds .

========================================================================
Received Import Request.
  Time since last request: 0.000500 seconds.
  path: Assets/tilesets/galletcity_tiles_648.asset
  artifactKey: Guid(684961d68ef83e84a949926784a79a33) Importer(815301076,1909f56bfc062723c751e8b465ee728b)
Start importing Assets/tilesets/galletcity_tiles_648.asset using Guid(684961d68ef83e84a949926784a79a33) Importer(815301076,1909f56bfc062723c751e8b465ee728b)  -> (artifact id: '00f52b7dabc3db2539b18c64c73723bf') in 0.025095 seconds
  Import took 0.034398 seconds .

========================================================================
Received Import Request.
  Time since last request: 0.000540 seconds.
  path: Assets/tilesets/galletcity_tiles_656.asset
  artifactKey: Guid(a0d0ef8dd2c365d4da76435ec6e2fd38) Importer(815301076,1909f56bfc062723c751e8b465ee728b)
Start importing Assets/tilesets/galletcity_tiles_656.asset using Guid(a0d0ef8dd2c365d4da76435ec6e2fd38) Importer(815301076,1909f56bfc062723c751e8b465ee728b)  -> (artifact id: 'f32b8bf54f0cceeb9cb190211c538e2f') in 0.027765 seconds
  Import took 0.035335 seconds .

========================================================================
Received Import Request.
  Time since last request: 0.000554 seconds.
  path: Assets/tilesets/galletcity_tiles_653.asset
  artifactKey: Guid(81dce30ecd00dfc4c8d3dcb4d167dae0) Importer(815301076,1909f56bfc062723c751e8b465ee728b)
Start importing Assets/tilesets/galletcity_tiles_653.asset using Guid(81dce30ecd00dfc4c8d3dcb4d167dae0) Importer(815301076,1909f56bfc062723c751e8b465ee728b)  -> (artifact id: '3f839b3137fed42e7a33d7f75169b2d0') in 0.026883 seconds
  Import took 0.033988 seconds .

========================================================================
Received Import Request.
  Time since last request: 0.000516 seconds.
  path: Assets/tilesets/galletcity_tiles_640.asset
  artifactKey: Guid(237dc2b237f794445ae98eaf962bdcbf) Importer(815301076,1909f56bfc062723c751e8b465ee728b)
Start importing Assets/tilesets/galletcity_tiles_640.asset using Guid(237dc2b237f794445ae98eaf962bdcbf) Importer(815301076,1909f56bfc062723c751e8b465ee728b)  -> (artifact id: '1fab9ed7dae733a586e5485eab079cff') in 0.027992 seconds
  Import took 0.035462 seconds .

========================================================================
Received Import Request.
  Time since last request: 0.000520 seconds.
  path: Assets/tilesets/galletcity_tiles_654.asset
  artifactKey: Guid(394a3753f2e34ba469d5d9415307f613) Importer(815301076,1909f56bfc062723c751e8b465ee728b)
Start importing Assets/tilesets/galletcity_tiles_654.asset using Guid(394a3753f2e34ba469d5d9415307f613) Importer(815301076,1909f56bfc062723c751e8b465ee728b)  -> (artifact id: '883c77af147db7db1af6f60fcd64ffdf') in 0.026176 seconds
  Import took 0.033975 seconds .

========================================================================
Received Import Request.
  Time since last request: 0.000524 seconds.
  path: Assets/tilesets/galletcity_tiles_650.asset
  artifactKey: Guid(f3d636f9511a6824592ff4b3eb519e3a) Importer(815301076,1909f56bfc062723c751e8b465ee728b)
Start importing Assets/tilesets/galletcity_tiles_650.asset using Guid(f3d636f9511a6824592ff4b3eb519e3a) Importer(815301076,1909f56bfc062723c751e8b465ee728b)  -> (artifact id: '8d9abe4088c37deb754cf7e0a83bda78') in 0.025661 seconds
  Import took 0.034661 seconds .

========================================================================
Received Import Request.
  Time since last request: 0.001001 seconds.
  path: Assets/tilesets/Nueva paleta.prefab
  artifactKey: Guid(4be3dc53b39756943822835dc65b2050) Importer(815301076,1909f56bfc062723c751e8b465ee728b)
Start importing Assets/tilesets/Nueva paleta.prefab using Guid(4be3dc53b39756943822835dc65b2050) Importer(815301076,1909f56bfc062723c751e8b465ee728b)  -> (artifact id: '0c81300ada04e11d02afcfb3c1a82056') in 0.021696 seconds
  Import took 0.028809 seconds .

========================================================================
Received Import Request.
  Time since last request: 0.000495 seconds.
  path: Assets/tilesets/TX Props Wooden Gate.asset
  artifactKey: Guid(ad4a2de4e2b6ed04faaef02b49901360) Importer(815301076,1909f56bfc062723c751e8b465ee728b)
Start importing Assets/tilesets/TX Props Wooden Gate.asset using Guid(ad4a2de4e2b6ed04faaef02b49901360) Importer(815301076,1909f56bfc062723c751e8b465ee728b)  -> (artifact id: '4ef841e79cab011bd2cb45b20a055530') in 0.030008 seconds
  Import took 0.037020 seconds .

========================================================================
Received Import Request.
  Time since last request: 4.277360 seconds.
  path: Assets/tilesets/NewCarControll.cs
  artifactKey: Guid(63d580c23e47cfb40b8e0579510a7ac5) Importer(815301076,1909f56bfc062723c751e8b465ee728b)
Start importing Assets/tilesets/NewCarControll.cs using Guid(63d580c23e47cfb40b8e0579510a7ac5) Importer(815301076,1909f56bfc062723c751e8b465ee728b)  -> (artifact id: 'ec721fb20401219fc1a1b463cc8dfdf5') in 0.018993 seconds
  Import took 0.026448 seconds .

========================================================================
Received Import Request.
  Time since last request: 0.092338 seconds.
  path: Assets/tilesets/NewCarControll.cs
  artifactKey: Guid(63d580c23e47cfb40b8e0579510a7ac5) Importer(815301076,1909f56bfc062723c751e8b465ee728b)
Start importing Assets/tilesets/NewCarControll.cs using Guid(63d580c23e47cfb40b8e0579510a7ac5) Importer(815301076,1909f56bfc062723c751e8b465ee728b)  -> (artifact id: 'ec721fb20401219fc1a1b463cc8dfdf5') in 0.007912 seconds
  Import took 0.016320 seconds .

========================================================================
Received Prepare
Registering precompiled user dll's ...
Registered in 0.004579 seconds.
Begin MonoManager ReloadAssembly
Native extension for WindowsStandalone target not found
Refreshing native plugins compatible for Editor in 1.09 ms, found 1 plugins.
Preloading 0 native plugins for Editor in 0.00 ms.
Invoked RoslynAnalysisRunner static constructor.
RoslynAnalysisRunner will not be running.
RoslynAnalysisRunner has terminated.
Mono: successfully reloaded assembly
- Completed reload, in  2.230 seconds
Platform modules already initialized, skipping
Refreshing native plugins compatible for Editor in 1.04 ms, found 1 plugins.
Preloading 0 native plugins for Editor in 0.00 ms.
Unloading 1837 Unused Serialized files (Serialized files now loaded: 0)
System memory in use before: 90.1 MB.
System memory in use after: 90.2 MB.

Unloading 8 unused Assets to reduce memory usage. Loaded Objects now: 2336.
Total: 6.391700 ms (FindLiveObjects: 0.671300 ms CreateObjectMapping: 0.144800 ms MarkObjects: 5.522600 ms  DeleteObjects: 0.049100 ms)

========================================================================
Received Import Request.
  Time since last request: 110.200305 seconds.
  path: Assets/Scenes/MenuPerder.unity
  artifactKey: Guid(e89de4f901a761d4193a1f3ed0ceec22) Importer(815301076,1909f56bfc062723c751e8b465ee728b)
Start importing Assets/Scenes/MenuPerder.unity using Guid(e89de4f901a761d4193a1f3ed0ceec22) Importer(815301076,1909f56bfc062723c751e8b465ee728b)  -> (artifact id: 'fc0c0ebbe69ab7a5e2e9dce51fc473f8') in 0.037728 seconds
  Import took 0.050914 seconds .

========================================================================
Received Import Request.
  Time since last request: 26.286751 seconds.
  path: Assets/Cainos/Pixel Art Top Down - Basic/Texture/TX Tree T1 Upper.asset
  artifactKey: Guid(f703d2a8a99e85b44adb05b7bc6977a8) Importer(815301076,1909f56bfc062723c751e8b465ee728b)
Start importing Assets/Cainos/Pixel Art Top Down - Basic/Texture/TX Tree T1 Upper.asset using Guid(f703d2a8a99e85b44adb05b7bc6977a8) Importer(815301076,1909f56bfc062723c751e8b465ee728b)  -> (artifact id: '6b5712ec4830eabbd807bd6d89f4262c') in 0.095298 seconds
  Import took 0.103257 seconds .

========================================================================
Received Import Request.
  Time since last request: 0.000525 seconds.
  path: Assets/Cainos/Pixel Art Top Down - Basic/Texture/TX Tree T3 Upper.asset
  artifactKey: Guid(3607839dfaa6c564aaeb6885a6f571bc) Importer(815301076,1909f56bfc062723c751e8b465ee728b)
Start importing Assets/Cainos/Pixel Art Top Down - Basic/Texture/TX Tree T3 Upper.asset using Guid(3607839dfaa6c564aaeb6885a6f571bc) Importer(815301076,1909f56bfc062723c751e8b465ee728b)  -> (artifact id: 'ce7e255c16c5430953ed9f7c845f55a0') in 0.028580 seconds
  Import took 0.036406 seconds .

========================================================================
Received Import Request.
  Time since last request: 0.000536 seconds.
  path: Assets/Cainos/Pixel Art Top Down - Basic/Texture/TX Tree T2 Upper.asset
  artifactKey: Guid(cd2fd05a6ddb4464aaebbe85edcac182) Importer(815301076,1909f56bfc062723c751e8b465ee728b)
Start importing Assets/Cainos/Pixel Art Top Down - Basic/Texture/TX Tree T2 Upper.asset using Guid(cd2fd05a6ddb4464aaebbe85edcac182) Importer(815301076,1909f56bfc062723c751e8b465ee728b)  -> (artifact id: 'd00307cd47ca65002588ccdbaf1d821f') in 0.029566 seconds
  Import took 0.036773 seconds .

========================================================================
Received Import Request.
  Time since last request: 2.307346 seconds.
  path: Assets/TextMesh Pro/Examples & Extras/Materials/Crate - Surface Shader Scene.mat
  artifactKey: Guid(e6b9b44320f4448d9d5e0ee634259966) Importer(815301076,1909f56bfc062723c751e8b465ee728b)
Start importing Assets/TextMesh Pro/Examples & Extras/Materials/Crate - Surface Shader Scene.mat using Guid(e6b9b44320f4448d9d5e0ee634259966) Importer(815301076,1909f56bfc062723c751e8b465ee728b)  -> (artifact id: '961614cdc545703116a92aa2e35009a1') in 0.870449 seconds
  Import took 0.878521 seconds .

========================================================================
Received Import Request.
  Time since last request: 0.000530 seconds.
  path: Assets/TextMesh Pro/Examples & Extras/Materials/Ground - Surface Shader Scene.mat
  artifactKey: Guid(aadd5a709a48466c887296bb5b1b8110) Importer(815301076,1909f56bfc062723c751e8b465ee728b)
Start importing Assets/TextMesh Pro/Examples & Extras/Materials/Ground - Surface Shader Scene.mat using Guid(aadd5a709a48466c887296bb5b1b8110) Importer(815301076,1909f56bfc062723c751e8b465ee728b)  -> (artifact id: '9ee89557dcec5380ffc988a9cab291b4') in 0.599252 seconds
  Import took 0.606680 seconds .

========================================================================
Received Import Request.
  Time since last request: 74.578319 seconds.
  path: Assets/Scenes/MenuPerder.unity
  artifactKey: Guid(e89de4f901a761d4193a1f3ed0ceec22) Importer(815301076,1909f56bfc062723c751e8b465ee728b)
Start importing Assets/Scenes/MenuPerder.unity using Guid(e89de4f901a761d4193a1f3ed0ceec22) Importer(815301076,1909f56bfc062723c751e8b465ee728b)  -> (artifact id: 'bb680fb53664e74f6e57dfea494ca9b1') in 0.008886 seconds
  Import took 0.022772 seconds .

========================================================================
Received Prepare
Registering precompiled user dll's ...
Registered in 0.002349 seconds.
Begin MonoManager ReloadAssembly
Native extension for WindowsStandalone target not found
Refreshing native plugins compatible for Editor in 1.07 ms, found 1 plugins.
Preloading 0 native plugins for Editor in 0.00 ms.
Invoked RoslynAnalysisRunner static constructor.
RoslynAnalysisRunner will not be running.
RoslynAnalysisRunner has terminated.
Mono: successfully reloaded assembly
- Completed reload, in  2.307 seconds
Platform modules already initialized, skipping
Refreshing native plugins compatible for Editor in 1.03 ms, found 1 plugins.
Preloading 0 native plugins for Editor in 0.00 ms.
Unloading 1837 Unused Serialized files (Serialized files now loaded: 0)
System memory in use before: 90.4 MB.
System memory in use after: 90.5 MB.

Unloading 7 unused Assets to reduce memory usage. Loaded Objects now: 2381.
Total: 4.500900 ms (FindLiveObjects: 0.461100 ms CreateObjectMapping: 0.149900 ms MarkObjects: 3.847800 ms  DeleteObjects: 0.039000 ms)

========================================================================
Received Prepare
Registering precompiled user dll's ...
Registered in 0.002350 seconds.
Begin MonoManager ReloadAssembly
Native extension for WindowsStandalone target not found
Refreshing native plugins compatible for Editor in 1.18 ms, found 1 plugins.
Preloading 0 native plugins for Editor in 0.00 ms.
Invoked RoslynAnalysisRunner static constructor.
RoslynAnalysisRunner will not be running.
RoslynAnalysisRunner has terminated.
Mono: successfully reloaded assembly
- Completed reload, in  2.282 seconds
Platform modules already initialized, skipping
Refreshing native plugins compatible for Editor in 1.64 ms, found 1 plugins.
Preloading 0 native plugins for Editor in 0.00 ms.
Unloading 1837 Unused Serialized files (Serialized files now loaded: 0)
System memory in use before: 90.4 MB.
System memory in use after: 90.6 MB.

Unloading 7 unused Assets to reduce memory usage. Loaded Objects now: 2385.
Total: 5.026300 ms (FindLiveObjects: 0.430800 ms CreateObjectMapping: 0.134900 ms MarkObjects: 4.417500 ms  DeleteObjects: 0.039800 ms)

========================================================================
Received Import Request.
  Time since last request: 201.978400 seconds.
  path: Assets/Scenes/MenuPerder.unity
  artifactKey: Guid(e89de4f901a761d4193a1f3ed0ceec22) Importer(815301076,1909f56bfc062723c751e8b465ee728b)
Start importing Assets/Scenes/MenuPerder.unity using Guid(e89de4f901a761d4193a1f3ed0ceec22) Importer(815301076,1909f56bfc062723c751e8b465ee728b)  -> (artifact id: '74a918fb2f6c2eb138596f425aea55b2') in 0.032388 seconds
  Import took 0.043455 seconds .

========================================================================
Received Import Request.
  Time since last request: 0.001569 seconds.
  path: Assets/Scenes/MenuPerder.unity
  artifactKey: Guid(e89de4f901a761d4193a1f3ed0ceec22) Importer(815301076,1909f56bfc062723c751e8b465ee728b)
Start importing Assets/Scenes/MenuPerder.unity using Guid(e89de4f901a761d4193a1f3ed0ceec22) Importer(815301076,1909f56bfc062723c751e8b465ee728b)  -> (artifact id: '74a918fb2f6c2eb138596f425aea55b2') in 0.007599 seconds
  Import took 0.016351 seconds .

========================================================================
Received Prepare
Registering precompiled user dll's ...
Registered in 0.002544 seconds.
Begin MonoManager ReloadAssembly
Native extension for WindowsStandalone target not found
Refreshing native plugins compatible for Editor in 1.17 ms, found 1 plugins.
Preloading 0 native plugins for Editor in 0.00 ms.
Invoked RoslynAnalysisRunner static constructor.
RoslynAnalysisRunner will not be running.
RoslynAnalysisRunner has terminated.
Mono: successfully reloaded assembly
- Completed reload, in  2.261 seconds
Platform modules already initialized, skipping
Refreshing native plugins compatible for Editor in 1.06 ms, found 1 plugins.
Preloading 0 native plugins for Editor in 0.00 ms.
Unloading 1837 Unused Serialized files (Serialized files now loaded: 0)
System memory in use before: 90.5 MB.
System memory in use after: 90.6 MB.

Unloading 7 unused Assets to reduce memory usage. Loaded Objects now: 2389.
Total: 5.101500 ms (FindLiveObjects: 0.744500 ms CreateObjectMapping: 0.247000 ms MarkObjects: 4.072600 ms  DeleteObjects: 0.033700 ms)

========================================================================
Received Prepare
Registering precompiled user dll's ...
Registered in 0.002581 seconds.
Begin MonoManager ReloadAssembly
Native extension for WindowsStandalone target not found
Refreshing native plugins compatible for Editor in 1.57 ms, found 1 plugins.
Preloading 0 native plugins for Editor in 0.00 ms.
Invoked RoslynAnalysisRunner static constructor.
RoslynAnalysisRunner will not be running.
RoslynAnalysisRunner has terminated.
Mono: successfully reloaded assembly
- Completed reload, in  2.180 seconds
Platform modules already initialized, skipping
Refreshing native plugins compatible for Editor in 1.54 ms, found 1 plugins.
Preloading 0 native plugins for Editor in 0.00 ms.
Unloading 1837 Unused Serialized files (Serialized files now loaded: 0)
System memory in use before: 90.5 MB.
System memory in use after: 90.6 MB.

Unloading 7 unused Assets to reduce memory usage. Loaded Objects now: 2393.
Total: 6.034600 ms (FindLiveObjects: 0.670200 ms CreateObjectMapping: 0.190000 ms MarkObjects: 5.123300 ms  DeleteObjects: 0.047200 ms)

========================================================================
Received Prepare
Registering precompiled user dll's ...
Registered in 0.003071 seconds.
Begin MonoManager ReloadAssembly
Native extension for WindowsStandalone target not found
Refreshing native plugins compatible for Editor in 1.05 ms, found 1 plugins.
Preloading 0 native plugins for Editor in 0.00 ms.
Invoked RoslynAnalysisRunner static constructor.
RoslynAnalysisRunner will not be running.
RoslynAnalysisRunner has terminated.
Mono: successfully reloaded assembly
- Completed reload, in  2.267 seconds
Platform modules already initialized, skipping
Refreshing native plugins compatible for Editor in 1.90 ms, found 1 plugins.
Preloading 0 native plugins for Editor in 0.00 ms.
Unloading 1837 Unused Serialized files (Serialized files now loaded: 0)
System memory in use before: 90.5 MB.
System memory in use after: 90.6 MB.

Unloading 7 unused Assets to reduce memory usage. Loaded Objects now: 2397.
Total: 7.164100 ms (FindLiveObjects: 0.688700 ms CreateObjectMapping: 0.147600 ms MarkObjects: 6.273800 ms  DeleteObjects: 0.050300 ms)

========================================================================
Received Prepare
Registering precompiled user dll's ...
Registered in 0.003693 seconds.
Begin MonoManager ReloadAssembly
Native extension for WindowsStandalone target not found
Refreshing native plugins compatible for Editor in 1.56 ms, found 1 plugins.
Preloading 0 native plugins for Editor in 0.00 ms.
Invoked RoslynAnalysisRunner static constructor.
RoslynAnalysisRunner will not be running.
RoslynAnalysisRunner has terminated.
Mono: successfully reloaded assembly
- Completed reload, in  2.595 seconds
Platform modules already initialized, skipping
Refreshing native plugins compatible for Editor in 1.20 ms, found 1 plugins.
Preloading 0 native plugins for Editor in 0.00 ms.
Unloading 1837 Unused Serialized files (Serialized files now loaded: 0)
System memory in use before: 90.5 MB.
System memory in use after: 90.6 MB.

Unloading 7 unused Assets to reduce memory usage. Loaded Objects now: 2401.
Total: 5.234900 ms (FindLiveObjects: 0.465000 ms CreateObjectMapping: 0.149300 ms MarkObjects: 4.575300 ms  DeleteObjects: 0.042400 ms)

========================================================================
Received Prepare
Registering precompiled user dll's ...
Registered in 0.002645 seconds.
Begin MonoManager ReloadAssembly
Native extension for WindowsStandalone target not found
Refreshing native plugins compatible for Editor in 1.59 ms, found 1 plugins.
Preloading 0 native plugins for Editor in 0.00 ms.
Invoked RoslynAnalysisRunner static constructor.
RoslynAnalysisRunner will not be running.
RoslynAnalysisRunner has terminated.
Mono: successfully reloaded assembly
- Completed reload, in  2.236 seconds
Platform modules already initialized, skipping
Refreshing native plugins compatible for Editor in 1.58 ms, found 1 plugins.
Preloading 0 native plugins for Editor in 0.00 ms.
Unloading 1837 Unused Serialized files (Serialized files now loaded: 0)
System memory in use before: 90.5 MB.
System memory in use after: 90.6 MB.

Unloading 7 unused Assets to reduce memory usage. Loaded Objects now: 2405.
Total: 4.645400 ms (FindLiveObjects: 0.508500 ms CreateObjectMapping: 0.160200 ms MarkObjects: 3.934900 ms  DeleteObjects: 0.038500 ms)

========================================================================
Received Prepare
Registering precompiled user dll's ...
Registered in 0.002452 seconds.
Begin MonoManager ReloadAssembly
Native extension for WindowsStandalone target not found
Refreshing native plugins compatible for Editor in 1.10 ms, found 1 plugins.
Preloading 0 native plugins for Editor in 0.00 ms.
Invoked RoslynAnalysisRunner static constructor.
RoslynAnalysisRunner will not be running.
RoslynAnalysisRunner has terminated.
Mono: successfully reloaded assembly
- Completed reload, in  2.299 seconds
Platform modules already initialized, skipping
Refreshing native plugins compatible for Editor in 1.40 ms, found 1 plugins.
Preloading 0 native plugins for Editor in 0.00 ms.
Unloading 1837 Unused Serialized files (Serialized files now loaded: 0)
System memory in use before: 90.5 MB.
System memory in use after: 90.6 MB.

Unloading 7 unused Assets to reduce memory usage. Loaded Objects now: 2409.
Total: 6.673400 ms (FindLiveObjects: 0.795200 ms CreateObjectMapping: 0.252900 ms MarkObjects: 5.582600 ms  DeleteObjects: 0.038600 ms)

========================================================================
Received Import Request.
  Time since last request: 282.481676 seconds.
  path: Assets/TextMesh Pro/Examples & Extras/Resources/Fonts & Materials/Anton SDF - Drop Shadow.mat
  artifactKey: Guid(749b9069dc4742c5bfa5c74644049926) Importer(815301076,1909f56bfc062723c751e8b465ee728b)
Start importing Assets/TextMesh Pro/Examples & Extras/Resources/Fonts & Materials/Anton SDF - Drop Shadow.mat using Guid(749b9069dc4742c5bfa5c74644049926) Importer(815301076,1909f56bfc062723c751e8b465ee728b)  -> (artifact id: '615af743f5ebed34c7b1a2a1a63d2d76') in 0.326453 seconds
  Import took 0.333915 seconds .

========================================================================
Received Import Request.
  Time since last request: 0.000550 seconds.
  path: Assets/TextMesh Pro/Examples & Extras/Resources/Fonts & Materials/Bangers SDF - Drop Shadow.mat
  artifactKey: Guid(f2dcf029949142e28b974630369c8b4e) Importer(815301076,1909f56bfc062723c751e8b465ee728b)
Start importing Assets/TextMesh Pro/Examples & Extras/Resources/Fonts & Materials/Bangers SDF - Drop Shadow.mat using Guid(f2dcf029949142e28b974630369c8b4e) Importer(815301076,1909f56bfc062723c751e8b465ee728b)  -> (artifact id: '584738d238a461dde0a43cc102ccf792') in 0.053795 seconds
  Import took 0.060568 seconds .

========================================================================
Received Import Request.
  Time since last request: 0.000552 seconds.
  path: Assets/TextMesh Pro/Examples & Extras/Resources/Color Gradient Presets/Blue to Purple - Vertical.asset
  artifactKey: Guid(479a66fa4b094512a62b0a8e553ad95a) Importer(815301076,1909f56bfc062723c751e8b465ee728b)
Start importing Assets/TextMesh Pro/Examples & Extras/Resources/Color Gradient Presets/Blue to Purple - Vertical.asset using Guid(479a66fa4b094512a62b0a8e553ad95a) Importer(815301076,1909f56bfc062723c751e8b465ee728b)  -> (artifact id: '0ba547e842c6ab52d48ab9a7f6755c8d') in 0.020243 seconds
  Import took 0.028590 seconds .

========================================================================
Received Prepare
Registering precompiled user dll's ...
Registered in 0.002431 seconds.
Begin MonoManager ReloadAssembly
Native extension for WindowsStandalone target not found
Refreshing native plugins compatible for Editor in 1.09 ms, found 1 plugins.
Preloading 0 native plugins for Editor in 0.00 ms.
Invoked RoslynAnalysisRunner static constructor.
RoslynAnalysisRunner will not be running.
RoslynAnalysisRunner has terminated.
Mono: successfully reloaded assembly
- Completed reload, in  2.143 seconds
Platform modules already initialized, skipping
Refreshing native plugins compatible for Editor in 1.66 ms, found 1 plugins.
Preloading 0 native plugins for Editor in 0.00 ms.
Unloading 1837 Unused Serialized files (Serialized files now loaded: 0)
System memory in use before: 90.5 MB.
System memory in use after: 90.6 MB.

Unloading 7 unused Assets to reduce memory usage. Loaded Objects now: 2414.
Total: 4.865900 ms (FindLiveObjects: 0.410400 ms CreateObjectMapping: 0.117200 ms MarkObjects: 4.297300 ms  DeleteObjects: 0.037700 ms)

========================================================================
Received Prepare
Registering precompiled user dll's ...
Registered in 0.001287 seconds.
Begin MonoManager ReloadAssembly
Native extension for WindowsStandalone target not found
Refreshing native plugins compatible for Editor in 1.07 ms, found 1 plugins.
Preloading 0 native plugins for Editor in 0.00 ms.
Invoked RoslynAnalysisRunner static constructor.
RoslynAnalysisRunner will not be running.
RoslynAnalysisRunner has terminated.
Mono: successfully reloaded assembly
- Completed reload, in  0.828 seconds
Platform modules already initialized, skipping
Refreshing native plugins compatible for Editor in 0.83 ms, found 1 plugins.
Preloading 0 native plugins for Editor in 0.00 ms.
Unloading 1837 Unused Serialized files (Serialized files now loaded: 0)
System memory in use before: 90.5 MB.
System memory in use after: 90.7 MB.

Unloading 7 unused Assets to reduce memory usage. Loaded Objects now: 2418.
Total: 3.670600 ms (FindLiveObjects: 0.321200 ms CreateObjectMapping: 0.060400 ms MarkObjects: 3.261100 ms  DeleteObjects: 0.026000 ms)

========================================================================
Received Import Request.
  Time since last request: 162.121969 seconds.
  path: Assets/Scripts/PauseMenu.cs
  artifactKey: Guid(6d9844a0ae4f85d47a9ad055ddd632b1) Importer(815301076,1909f56bfc062723c751e8b465ee728b)
Start importing Assets/Scripts/PauseMenu.cs using Guid(6d9844a0ae4f85d47a9ad055ddd632b1) Importer(815301076,1909f56bfc062723c751e8b465ee728b)  -> (artifact id: '4e8c504fdeffba045f8823353632592d') in 0.009782 seconds
  Import took 0.013328 seconds .

========================================================================
Received Import Request.
  Time since last request: 0.017778 seconds.
  path: Assets/Scripts/PauseMenu.cs
  artifactKey: Guid(6d9844a0ae4f85d47a9ad055ddd632b1) Importer(815301076,1909f56bfc062723c751e8b465ee728b)
Start importing Assets/Scripts/PauseMenu.cs using Guid(6d9844a0ae4f85d47a9ad055ddd632b1) Importer(815301076,1909f56bfc062723c751e8b465ee728b)  -> (artifact id: '4e8c504fdeffba045f8823353632592d') in 0.003426 seconds
  Import took 0.007028 seconds .

========================================================================
Received Import Request.
  Time since last request: 15.130697 seconds.
  path: Assets/Cainos/Pixel Art Top Down - Basic/Tile Palette/TP Grass/TX Tileset Grass Pavement 0.asset
  artifactKey: Guid(b52eb31537a3c0f4d9b909925745af72) Importer(815301076,1909f56bfc062723c751e8b465ee728b)
Start importing Assets/Cainos/Pixel Art Top Down - Basic/Tile Palette/TP Grass/TX Tileset Grass Pavement 0.asset using Guid(b52eb31537a3c0f4d9b909925745af72) Importer(815301076,1909f56bfc062723c751e8b465ee728b)  -> (artifact id: '3b993841b5c9f484a3dcc4395c9076fa') in 0.021886 seconds
  Import took 0.026094 seconds .

========================================================================
Received Import Request.
  Time since last request: 0.000333 seconds.
  path: Assets/Cainos/Pixel Art Top Down - Basic/Tile Palette/TP Grass/TX Tileset Grass Pavement 4.asset
  artifactKey: Guid(d3860dc7511661042a0e40d8d53db3a3) Importer(815301076,1909f56bfc062723c751e8b465ee728b)
Start importing Assets/Cainos/Pixel Art Top Down - Basic/Tile Palette/TP Grass/TX Tileset Grass Pavement 4.asset using Guid(d3860dc7511661042a0e40d8d53db3a3) Importer(815301076,1909f56bfc062723c751e8b465ee728b)  -> (artifact id: 'dfcf1b43cd2d057370dbd86420ed6d53') in 0.007749 seconds
  Import took 0.011362 seconds .

========================================================================
Received Import Request.
  Time since last request: 0.000360 seconds.
  path: Assets/Cainos/Pixel Art Top Down - Basic/Tile Palette/TP Grass/TX Tileset Grass Pavement 5.asset
  artifactKey: Guid(9d261fa57a186304eb7c71bcd3920f52) Importer(815301076,1909f56bfc062723c751e8b465ee728b)
Start importing Assets/Cainos/Pixel Art Top Down - Basic/Tile Palette/TP Grass/TX Tileset Grass Pavement 5.asset using Guid(9d261fa57a186304eb7c71bcd3920f52) Importer(815301076,1909f56bfc062723c751e8b465ee728b)  -> (artifact id: 'eec20ad14d0e8c195c2fd8bde53c1123') in 0.008400 seconds
  Import took 0.011673 seconds .

========================================================================
Received Import Request.
  Time since last request: 0.000340 seconds.
  path: Assets/Cainos/Pixel Art Top Down - Basic/Tile Palette/TP Grass/TX Tileset Grass Pavement 1.asset
  artifactKey: Guid(d85a59ea5ef7b6d488d8434610470f09) Importer(815301076,1909f56bfc062723c751e8b465ee728b)
Start importing Assets/Cainos/Pixel Art Top Down - Basic/Tile Palette/TP Grass/TX Tileset Grass Pavement 1.asset using Guid(d85a59ea5ef7b6d488d8434610470f09) Importer(815301076,1909f56bfc062723c751e8b465ee728b)  -> (artifact id: 'a494e0b9ab413c2d484aa292a98ff1a9') in 0.008531 seconds
  Import took 0.012275 seconds .

========================================================================
Received Import Request.
  Time since last request: 0.000285 seconds.
  path: Assets/Cainos/Pixel Art Top Down - Basic/Tile Palette/TP Grass/TX Tileset Grass Pavement 2.asset
  artifactKey: Guid(6d62ee5bebfab4543a4d42e4d00e4921) Importer(815301076,1909f56bfc062723c751e8b465ee728b)
Start importing Assets/Cainos/Pixel Art Top Down - Basic/Tile Palette/TP Grass/TX Tileset Grass Pavement 2.asset using Guid(6d62ee5bebfab4543a4d42e4d00e4921) Importer(815301076,1909f56bfc062723c751e8b465ee728b)  -> (artifact id: 'ddf9eeb8f3971371aa5ac4cf1fb6f52c') in 0.009346 seconds
  Import took 0.012678 seconds .

========================================================================
Received Import Request.
  Time since last request: 0.000378 seconds.
  path: Assets/Cainos/Pixel Art Top Down - Basic/Tile Palette/TP Grass/TX Tileset Grass Pavement 7.asset
  artifactKey: Guid(bcf612aaeb488bf48b64a976b440426d) Importer(815301076,1909f56bfc062723c751e8b465ee728b)
Start importing Assets/Cainos/Pixel Art Top Down - Basic/Tile Palette/TP Grass/TX Tileset Grass Pavement 7.asset using Guid(bcf612aaeb488bf48b64a976b440426d) Importer(815301076,1909f56bfc062723c751e8b465ee728b)  -> (artifact id: '426996713af076c2e68628655f08c637') in 0.009119 seconds
  Import took 0.012411 seconds .

========================================================================
Received Import Request.
  Time since last request: 0.000345 seconds.
  path: Assets/Cainos/Pixel Art Top Down - Basic/Tile Palette/TP Grass/TX Tileset Grass Pavement 3.asset
  artifactKey: Guid(32a9ac03c75f1f34991a1ef854a8eb4a) Importer(815301076,1909f56bfc062723c751e8b465ee728b)
Start importing Assets/Cainos/Pixel Art Top Down - Basic/Tile Palette/TP Grass/TX Tileset Grass Pavement 3.asset using Guid(32a9ac03c75f1f34991a1ef854a8eb4a) Importer(815301076,1909f56bfc062723c751e8b465ee728b)  -> (artifact id: 'b209771a8f89dc8b13f7e3e286f5a119') in 0.009347 seconds
  Import took 0.012576 seconds .

========================================================================
Received Import Request.
  Time since last request: 0.000289 seconds.
  path: Assets/Cainos/Pixel Art Top Down - Basic/Tile Palette/TP Grass/TX Tileset Grass Pavement 6.asset
  artifactKey: Guid(1eb88b0997574584f9e6103018404c4c) Importer(815301076,1909f56bfc062723c751e8b465ee728b)
Start importing Assets/Cainos/Pixel Art Top Down - Basic/Tile Palette/TP Grass/TX Tileset Grass Pavement 6.asset using Guid(1eb88b0997574584f9e6103018404c4c) Importer(815301076,1909f56bfc062723c751e8b465ee728b)  -> (artifact id: '869f59fd03b7e3bd21a6e27d8c57e35b') in 0.009120 seconds
  Import took 0.012672 seconds .

========================================================================
Received Prepare
Registering precompiled user dll's ...
Registered in 0.001155 seconds.
Begin MonoManager ReloadAssembly
Native extension for WindowsStandalone target not found
Refreshing native plugins compatible for Editor in 0.61 ms, found 1 plugins.
Preloading 0 native plugins for Editor in 0.00 ms.
Invoked RoslynAnalysisRunner static constructor.
RoslynAnalysisRunner will not be running.
RoslynAnalysisRunner has terminated.
Mono: successfully reloaded assembly
- Completed reload, in  0.718 seconds
Platform modules already initialized, skipping
Refreshing native plugins compatible for Editor in 0.60 ms, found 1 plugins.
Preloading 0 native plugins for Editor in 0.00 ms.
Unloading 1838 Unused Serialized files (Serialized files now loaded: 0)
System memory in use before: 90.6 MB.
System memory in use after: 90.7 MB.

Unloading 7 unused Assets to reduce memory usage. Loaded Objects now: 2423.
Total: 2.505000 ms (FindLiveObjects: 0.262500 ms CreateObjectMapping: 0.041700 ms MarkObjects: 2.180500 ms  DeleteObjects: 0.018900 ms)

========================================================================
Received Import Request.
  Time since last request: 18.319936 seconds.
  path: Assets/Scripts/PlayMainMenu.cs
  artifactKey: Guid(b4677430c24440d458f3760b9118ed8e) Importer(815301076,1909f56bfc062723c751e8b465ee728b)
Start importing Assets/Scripts/PlayMainMenu.cs using Guid(b4677430c24440d458f3760b9118ed8e) Importer(815301076,1909f56bfc062723c751e8b465ee728b)  -> (artifact id: '9feca7a7c09eca860099e6f81efc65fa') in 0.009011 seconds
  Import took 0.012967 seconds .

========================================================================
Received Prepare
Registering precompiled user dll's ...
Registered in 0.001153 seconds.
Begin MonoManager ReloadAssembly
Native extension for WindowsStandalone target not found
Refreshing native plugins compatible for Editor in 0.61 ms, found 1 plugins.
Preloading 0 native plugins for Editor in 0.00 ms.
Invoked RoslynAnalysisRunner static constructor.
RoslynAnalysisRunner will not be running.
RoslynAnalysisRunner has terminated.
Mono: successfully reloaded assembly
- Completed reload, in  0.746 seconds
Platform modules already initialized, skipping
Refreshing native plugins compatible for Editor in 0.61 ms, found 1 plugins.
Preloading 0 native plugins for Editor in 0.00 ms.
Unloading 1838 Unused Serialized files (Serialized files now loaded: 0)
System memory in use before: 90.6 MB.
System memory in use after: 90.7 MB.

Unloading 7 unused Assets to reduce memory usage. Loaded Objects now: 2427.
Total: 3.011200 ms (FindLiveObjects: 0.347400 ms CreateObjectMapping: 0.092800 ms MarkObjects: 2.545800 ms  DeleteObjects: 0.023100 ms)

========================================================================
Received Prepare
Registering precompiled user dll's ...
Registered in 0.001202 seconds.
Begin MonoManager ReloadAssembly
Native extension for WindowsStandalone target not found
Refreshing native plugins compatible for Editor in 0.60 ms, found 1 plugins.
Preloading 0 native plugins for Editor in 0.00 ms.
Invoked RoslynAnalysisRunner static constructor.
RoslynAnalysisRunner will not be running.
RoslynAnalysisRunner has terminated.
Mono: successfully reloaded assembly
- Completed reload, in  0.682 seconds
Platform modules already initialized, skipping
Refreshing native plugins compatible for Editor in 0.58 ms, found 1 plugins.
Preloading 0 native plugins for Editor in 0.00 ms.
Unloading 1838 Unused Serialized files (Serialized files now loaded: 0)
System memory in use before: 90.6 MB.
System memory in use after: 90.7 MB.

Unloading 7 unused Assets to reduce memory usage. Loaded Objects now: 2431.
Total: 3.051300 ms (FindLiveObjects: 0.361700 ms CreateObjectMapping: 0.095000 ms MarkObjects: 2.572000 ms  DeleteObjects: 0.021000 ms)

========================================================================
Received Prepare
Registering precompiled user dll's ...
Registered in 0.001095 seconds.
Begin MonoManager ReloadAssembly
Native extension for WindowsStandalone target not found
Refreshing native plugins compatible for Editor in 0.62 ms, found 1 plugins.
Preloading 0 native plugins for Editor in 0.00 ms.
Invoked RoslynAnalysisRunner static constructor.
RoslynAnalysisRunner will not be running.
RoslynAnalysisRunner has terminated.
Mono: successfully reloaded assembly
- Completed reload, in  0.704 seconds
Platform modules already initialized, skipping
Refreshing native plugins compatible for Editor in 0.60 ms, found 1 plugins.
Preloading 0 native plugins for Editor in 0.00 ms.
Unloading 1838 Unused Serialized files (Serialized files now loaded: 0)
System memory in use before: 90.6 MB.
System memory in use after: 90.7 MB.

Unloading 7 unused Assets to reduce memory usage. Loaded Objects now: 2435.
Total: 2.657400 ms (FindLiveObjects: 0.265800 ms CreateObjectMapping: 0.052600 ms MarkObjects: 2.317600 ms  DeleteObjects: 0.020000 ms)

========================================================================
Received Prepare
Registering precompiled user dll's ...
Registered in 0.001156 seconds.
Begin MonoManager ReloadAssembly
Native extension for WindowsStandalone target not found
Refreshing native plugins compatible for Editor in 0.60 ms, found 1 plugins.
Preloading 0 native plugins for Editor in 0.00 ms.
Invoked RoslynAnalysisRunner static constructor.
RoslynAnalysisRunner will not be running.
RoslynAnalysisRunner has terminated.
Mono: successfully reloaded assembly
- Completed reload, in  0.738 seconds
Platform modules already initialized, skipping
Refreshing native plugins compatible for Editor in 0.60 ms, found 1 plugins.
Preloading 0 native plugins for Editor in 0.00 ms.
Unloading 1838 Unused Serialized files (Serialized files now loaded: 0)
System memory in use before: 90.6 MB.
System memory in use after: 90.7 MB.

Unloading 7 unused Assets to reduce memory usage. Loaded Objects now: 2439.
Total: 2.434000 ms (FindLiveObjects: 0.362200 ms CreateObjectMapping: 0.106500 ms MarkObjects: 1.942600 ms  DeleteObjects: 0.021000 ms)

========================================================================
Received Import Request.
  Time since last request: 636.717047 seconds.
  path: Assets/Cainos/Pixel Art Top Down - Basic/Prefab/Props/PF Props Rune Pillar X2.prefab
  artifactKey: Guid(6d6991dbbdeecb1488bbf78c063d1235) Importer(815301076,1909f56bfc062723c751e8b465ee728b)
Start importing Assets/Cainos/Pixel Art Top Down - Basic/Prefab/Props/PF Props Rune Pillar X2.prefab using Guid(6d6991dbbdeecb1488bbf78c063d1235) Importer(815301076,1909f56bfc062723c751e8b465ee728b)  -> (artifact id: '885c9d67522ca5d0394f0659d3d330ec') in 0.090607 seconds
  Import took 0.094127 seconds .

========================================================================
Received Import Request.
  Time since last request: 0.000280 seconds.
  path: Assets/Cainos/Pixel Art Top Down - Basic/Texture/Bush & grass sprites/TX Bush T1.asset
  artifactKey: Guid(786e4faa819ed484c8862b4628f1c84f) Importer(815301076,1909f56bfc062723c751e8b465ee728b)
Start importing Assets/Cainos/Pixel Art Top Down - Basic/Texture/Bush & grass sprites/TX Bush T1.asset using Guid(786e4faa819ed484c8862b4628f1c84f) Importer(815301076,1909f56bfc062723c751e8b465ee728b)  -> (artifact id: 'c32be8ac7972ef960011b5bbc4c77e83') in 0.025923 seconds
  Import took 0.030048 seconds .

========================================================================
Received Import Request.
  Time since last request: 0.000298 seconds.
  path: Assets/Cainos/Pixel Art Top Down - Basic/Texture/Bush & grass sprites/TX Bush T2.asset
  artifactKey: Guid(a0f3f1a6925749c46b542c7868404732) Importer(815301076,1909f56bfc062723c751e8b465ee728b)
Start importing Assets/Cainos/Pixel Art Top Down - Basic/Texture/Bush & grass sprites/TX Bush T2.asset using Guid(a0f3f1a6925749c46b542c7868404732) Importer(815301076,1909f56bfc062723c751e8b465ee728b)  -> (artifact id: 'b916c119810e25f3eab14671ca3e77ac') in 0.013865 seconds
  Import took 0.017858 seconds .

========================================================================
Received Import Request.
  Time since last request: 0.000280 seconds.
  path: Assets/Cainos/Pixel Art Top Down - Basic/Texture/Bush & grass sprites/TX Bush T3.asset
  artifactKey: Guid(652baf026e184164e976df0344df19d2) Importer(815301076,1909f56bfc062723c751e8b465ee728b)
Start importing Assets/Cainos/Pixel Art Top Down - Basic/Texture/Bush & grass sprites/TX Bush T3.asset using Guid(652baf026e184164e976df0344df19d2) Importer(815301076,1909f56bfc062723c751e8b465ee728b)  -> (artifact id: 'f62a418e9e373b1c29764a4c3bccce03') in 0.013543 seconds
  Import took 0.016891 seconds .

========================================================================
Received Import Request.
  Time since last request: 0.000269 seconds.
  path: Assets/Cainos/Pixel Art Top Down - Basic/Prefab/Props/PF Props Rune Pillar X3.prefab
  artifactKey: Guid(4fad9c4de6b725a43bb1200ed9479c08) Importer(815301076,1909f56bfc062723c751e8b465ee728b)
Start importing Assets/Cainos/Pixel Art Top Down - Basic/Prefab/Props/PF Props Rune Pillar X3.prefab using Guid(4fad9c4de6b725a43bb1200ed9479c08) Importer(815301076,1909f56bfc062723c751e8b465ee728b)  -> (artifact id: '73686cb696124c7ec3b86173ddce7d48') in 0.019433 seconds
  Import took 0.023432 seconds .

========================================================================
Received Import Request.
  Time since last request: 12.452040 seconds.
  path: Assets/Scenes/MenuPerder.unity
  artifactKey: Guid(e89de4f901a761d4193a1f3ed0ceec22) Importer(815301076,1909f56bfc062723c751e8b465ee728b)
Start importing Assets/Scenes/MenuPerder.unity using Guid(e89de4f901a761d4193a1f3ed0ceec22) Importer(815301076,1909f56bfc062723c751e8b465ee728b)  -> (artifact id: 'c29c8685bb682710693de7cae827d9d1') in 0.004190 seconds
  Import took 0.008742 seconds .

========================================================================
Received Import Request.
  Time since last request: 0.712875 seconds.
  path: Assets/Scenes/MenuPausa.unity
  artifactKey: Guid(8f4cb3172724d704c83afb5b551c6fc3) Importer(815301076,1909f56bfc062723c751e8b465ee728b)
Start importing Assets/Scenes/MenuPausa.unity using Guid(8f4cb3172724d704c83afb5b551c6fc3) Importer(815301076,1909f56bfc062723c751e8b465ee728b)  -> (artifact id: 'a8400e59710702c71941b01b8e71ea04') in 0.007495 seconds
  Import took 0.010929 seconds .

========================================================================
Received Import Request.
  Time since last request: 3.795816 seconds.
  path: Assets/Scenes/Escena_limites (1).unity
  artifactKey: Guid(d6902762314f2a24e84c6a7d1f5046ac) Importer(815301076,1909f56bfc062723c751e8b465ee728b)
Start importing Assets/Scenes/Escena_limites (1).unity using Guid(d6902762314f2a24e84c6a7d1f5046ac) Importer(815301076,1909f56bfc062723c751e8b465ee728b)  -> (artifact id: '86fa6782ba8a8ba1e4227e7169ba0b40') in 0.007966 seconds
  Import took 0.011712 seconds .

========================================================================
Received Import Request.
  Time since last request: 18.441368 seconds.
  path: Assets/Scenes/Escena_limites 1.unity
  artifactKey: Guid(4e49237c5b4c6704fb6d39bb55f84ff8) Importer(815301076,1909f56bfc062723c751e8b465ee728b)
Start importing Assets/Scenes/Escena_limites 1.unity using Guid(4e49237c5b4c6704fb6d39bb55f84ff8) Importer(815301076,1909f56bfc062723c751e8b465ee728b)  -> (artifact id: 'bdc47b4b7c3db17d0388acae077dae78') in 0.009859 seconds
  Import took 0.014009 seconds .

========================================================================
Received Import Request.
  Time since last request: 0.001207 seconds.
  path: Assets/Scenes/Escena_limites 1.unity
  artifactKey: Guid(4e49237c5b4c6704fb6d39bb55f84ff8) Importer(815301076,1909f56bfc062723c751e8b465ee728b)
Start importing Assets/Scenes/Escena_limites 1.unity using Guid(4e49237c5b4c6704fb6d39bb55f84ff8) Importer(815301076,1909f56bfc062723c751e8b465ee728b)  -> (artifact id: 'bdc47b4b7c3db17d0388acae077dae78') in 0.003272 seconds
  Import took 0.006518 seconds .

========================================================================
Received Prepare
Registering precompiled user dll's ...
Registered in 0.001388 seconds.
Begin MonoManager ReloadAssembly
Native extension for WindowsStandalone target not found
Refreshing native plugins compatible for Editor in 0.75 ms, found 1 plugins.
Preloading 0 native plugins for Editor in 0.00 ms.
Invoked RoslynAnalysisRunner static constructor.
RoslynAnalysisRunner will not be running.
RoslynAnalysisRunner has terminated.
Mono: successfully reloaded assembly
- Completed reload, in  0.731 seconds
Platform modules already initialized, skipping
Refreshing native plugins compatible for Editor in 0.70 ms, found 1 plugins.
Preloading 0 native plugins for Editor in 0.00 ms.
Unloading 1838 Unused Serialized files (Serialized files now loaded: 0)
System memory in use before: 90.7 MB.
System memory in use after: 90.8 MB.

Unloading 7 unused Assets to reduce memory usage. Loaded Objects now: 2448.
Total: 2.346900 ms (FindLiveObjects: 0.274200 ms CreateObjectMapping: 0.041900 ms MarkObjects: 2.008100 ms  DeleteObjects: 0.021100 ms)

========================================================================
Received Prepare
Registering precompiled user dll's ...
Registered in 0.001146 seconds.
Begin MonoManager ReloadAssembly
Native extension for WindowsStandalone target not found
Refreshing native plugins compatible for Editor in 0.77 ms, found 1 plugins.
Preloading 0 native plugins for Editor in 0.00 ms.
Invoked RoslynAnalysisRunner static constructor.
RoslynAnalysisRunner will not be running.
RoslynAnalysisRunner has terminated.
Mono: successfully reloaded assembly
- Completed reload, in  0.717 seconds
Platform modules already initialized, skipping
Refreshing native plugins compatible for Editor in 0.61 ms, found 1 plugins.
Preloading 0 native plugins for Editor in 0.00 ms.
Unloading 1838 Unused Serialized files (Serialized files now loaded: 0)
System memory in use before: 90.7 MB.
System memory in use after: 90.8 MB.

Unloading 7 unused Assets to reduce memory usage. Loaded Objects now: 2452.
Total: 3.424000 ms (FindLiveObjects: 0.346500 ms CreateObjectMapping: 0.088500 ms MarkObjects: 2.962800 ms  DeleteObjects: 0.024300 ms)

========================================================================
Received Import Request.
  Time since last request: 84.073356 seconds.
  path: Assets/TextMesh Pro/Examples & Extras/Textures/Brushed Metal 3.jpg
  artifactKey: Guid(f88677df267a41d6be1e7a6133e7d227) Importer(815301076,1909f56bfc062723c751e8b465ee728b)
Start importing Assets/TextMesh Pro/Examples & Extras/Textures/Brushed Metal 3.jpg using Guid(f88677df267a41d6be1e7a6133e7d227) Importer(815301076,1909f56bfc062723c751e8b465ee728b)  -> (artifact id: '5da29224e7a79301d617a13e67578134') in 0.042501 seconds
  Import took 0.045919 seconds .

========================================================================
Received Import Request.
  Time since last request: 0.000264 seconds.
  path: Assets/TextMesh Pro/Examples & Extras/Resources/Fonts & Materials/LiberationSans SDF - Metalic Green.mat
  artifactKey: Guid(8b29aaa3eec7468097ff07adfcf29ac9) Importer(815301076,1909f56bfc062723c751e8b465ee728b)
Start importing Assets/TextMesh Pro/Examples & Extras/Resources/Fonts & Materials/LiberationSans SDF - Metalic Green.mat using Guid(8b29aaa3eec7468097ff07adfcf29ac9) Importer(815301076,1909f56bfc062723c751e8b465ee728b)  -> (artifact id: '9d2cdb7cb0273c789431e1ca4700e4db') in 0.129460 seconds
  Import took 0.132759 seconds .

========================================================================
Received Prepare
Registering precompiled user dll's ...
Registered in 0.001146 seconds.
Begin MonoManager ReloadAssembly
Native extension for WindowsStandalone target not found
Refreshing native plugins compatible for Editor in 0.62 ms, found 1 plugins.
Preloading 0 native plugins for Editor in 0.00 ms.
Invoked RoslynAnalysisRunner static constructor.
RoslynAnalysisRunner will not be running.
RoslynAnalysisRunner has terminated.
Mono: successfully reloaded assembly
- Completed reload, in  0.722 seconds
Platform modules already initialized, skipping
Refreshing native plugins compatible for Editor in 0.59 ms, found 1 plugins.
Preloading 0 native plugins for Editor in 0.00 ms.
Unloading 1838 Unused Serialized files (Serialized files now loaded: 0)
System memory in use before: 90.7 MB.
System memory in use after: 90.8 MB.

Unloading 7 unused Assets to reduce memory usage. Loaded Objects now: 2458.
Total: 2.513700 ms (FindLiveObjects: 0.353500 ms CreateObjectMapping: 0.094700 ms MarkObjects: 2.043500 ms  DeleteObjects: 0.020500 ms)

========================================================================
Received Prepare
Registering precompiled user dll's ...
Registered in 0.001150 seconds.
Begin MonoManager ReloadAssembly
Native extension for WindowsStandalone target not found
Refreshing native plugins compatible for Editor in 0.67 ms, found 1 plugins.
Preloading 0 native plugins for Editor in 0.00 ms.
Invoked RoslynAnalysisRunner static constructor.
RoslynAnalysisRunner will not be running.
RoslynAnalysisRunner has terminated.
Mono: successfully reloaded assembly
- Completed reload, in  0.742 seconds
Platform modules already initialized, skipping
Refreshing native plugins compatible for Editor in 0.71 ms, found 1 plugins.
Preloading 0 native plugins for Editor in 0.00 ms.
Unloading 1838 Unused Serialized files (Serialized files now loaded: 0)
System memory in use before: 90.7 MB.
System memory in use after: 90.8 MB.

Unloading 7 unused Assets to reduce memory usage. Loaded Objects now: 2462.
Total: 3.544600 ms (FindLiveObjects: 0.451700 ms CreateObjectMapping: 0.134900 ms MarkObjects: 2.936700 ms  DeleteObjects: 0.019300 ms)

========================================================================
Received Prepare
Registering precompiled user dll's ...
Registered in 0.001198 seconds.
Begin MonoManager ReloadAssembly
Native extension for WindowsStandalone target not found
Refreshing native plugins compatible for Editor in 0.61 ms, found 1 plugins.
Preloading 0 native plugins for Editor in 0.00 ms.
Invoked RoslynAnalysisRunner static constructor.
RoslynAnalysisRunner will not be running.
RoslynAnalysisRunner has terminated.
Mono: successfully reloaded assembly
- Completed reload, in  0.742 seconds
Platform modules already initialized, skipping
Refreshing native plugins compatible for Editor in 0.65 ms, found 1 plugins.
Preloading 0 native plugins for Editor in 0.00 ms.
Unloading 1838 Unused Serialized files (Serialized files now loaded: 0)
System memory in use before: 90.7 MB.
System memory in use after: 90.8 MB.

Unloading 7 unused Assets to reduce memory usage. Loaded Objects now: 2466.
Total: 2.810700 ms (FindLiveObjects: 0.359800 ms CreateObjectMapping: 0.095600 ms MarkObjects: 2.329900 ms  DeleteObjects: 0.023500 ms)

